<?xml version="1.0" encoding="UTF-8"?>
<robot generator="Robot 7.0.1 (Python 3.12.4 on win32)" generated="2024-08-22T15:57:30.435121" rpa="false" schemaversion="5">
<suite id="s1" name="Modelo" source="C:\Users\Thiago Santos\Documents\coisasMinhas\QA\robot\modelo.robot">
<test id="s1-t1" name="Cenário 1: Acessando o site do robot" line="11">
<kw name="Abrir Site">
<kw name="Open Browser" owner="SeleniumLibrary">
<msg time="2024-08-22T15:57:30.937009" level="INFO">Opening browser 'chrome' to base url 'https://robotframework.org/'.</msg>
<arg>https://robotframework.org/</arg>
<arg>chrome</arg>
<doc>Opens a new browser instance to the optional ``url``.</doc>
<status status="PASS" start="2024-08-22T15:57:30.937009" elapsed="8.265222"/>
</kw>
<status status="PASS" start="2024-08-22T15:57:30.935010" elapsed="8.267918"/>
</kw>
<status status="PASS" start="2024-08-22T15:57:30.934020" elapsed="8.271212"/>
</test>
<status status="PASS" start="2024-08-22T15:57:30.439324" elapsed="8.896313"/>
</suite>
<statistics>
<total>
<stat pass="1" fail="0" skip="0">All Tests</stat>
</total>
<tag>
</tag>
<suite>
<stat pass="1" fail="0" skip="0" id="s1" name="Modelo">Modelo</stat>
</suite>
</statistics>
<errors>
</errors>
</robot>
